11-20-2024 15:18:33 - log: Load engine in /Applications/Cocos/Creator/3.8.4/CocosCreator.app/Contents/Resources/resources/3d/engine
11-20-2024 15:18:34 - log: Profile changed: engine (modules.includeModules: 2d,animation,audio,base,custom-pipeline,dragon-bones,gfx-webgl,gfx-webgl2,intersection-2d,particle-2d,physics-2d-box2d,profiler,spine,tiled-map,tween,ui,video,webview)
11-20-2024 15:18:34 - log: Register native engine in /Applications/Cocos/Creator/3.8.4/CocosCreator.app/Contents/Resources/resources/3d/engine/native
11-20-2024 15:18:34 - log: Request namespace: device-list
11-20-2024 15:18:54 - log: [Scene] meshopt wasm decoder initialized
11-20-2024 15:18:54 - log: [Scene] [box2d]:box2d wasm lib loaded.
11-20-2024 15:18:55 - log: [Scene] [bullet]:bullet wasm lib loaded.
11-20-2024 15:18:55 - log: [Scene] [PHYSICS]: using builtin.
11-20-2024 15:18:55 - log: [Scene] Cocos Creator v3.8.4
11-20-2024 15:18:55 - log: [Scene] Using custom pipeline: Builtin
11-20-2024 15:18:55 - log: [Scene] [PHYSICS2D]: switch from box2d-wasm to box2d.
11-20-2024 15:22:58 - warn: [Assets] Read meta in /Users/valeriafedorova/Desktop/NewProject/assets/gameResurces/grounds/pic-1.webp.meta failed!Warn: [Assets] Read meta in /Users/valeriafedorova/Desktop/NewProject/assets/gameResurces/grounds/pic-1.webp.meta failed!
    at Object.warn (/Applications/Cocos/Creator/3.8.4/CocosCreator.app/Contents/Resources/app.asar/node_modules/@sentry/src/instrument/console.ts:40:20)
    at CustomConsole.warn (/Applications/Cocos/Creator/3.8.4/CocosCreator.app/Contents/Resources/app.asar/builtin/asset-db/dist/worker/console.ccc:1:1510)
    at MetaManager.read (/Applications/Cocos/Creator/3.8.4/CocosCreator.app/Contents/Resources/app.asar/node_modules/@editor/asset-db/libs/meta.ccc:1:1928)
    at MetaManager.get (/Applications/Cocos/Creator/3.8.4/CocosCreator.app/Contents/Resources/app.asar/node_modules/@editor/asset-db/libs/meta.ccc:1:2521)
    at AssetDB._checkAssetsStatSync (/Applications/Cocos/Creator/3.8.4/CocosCreator.app/Contents/Resources/app.asar/node_modules/@editor/asset-db/libs/asset-db.ccc:1:9852)
    at AssetDB.refresh (/Applications/Cocos/Creator/3.8.4/CocosCreator.app/Contents/Resources/app.asar/node_modules/@editor/asset-db/libs/asset-db.ccc:1:8357)
    at runMicrotasks (<anonymous>)
    at runNextTicks (internal/process/task_queues.js:58:5)
    at processImmediate (internal/timers.js:434:9)
    at AssetDBManager._refresh (/Applications/Cocos/Creator/3.8.4/CocosCreator.app/Contents/Resources/app.asar/builtin/asset-db/dist/worker/asset-db-manager.ccc:1:10064)
    at Object.refresh-all-database (/Applications/Cocos/Creator/3.8.4/CocosCreator.app/Contents/Resources/app.asar/builtin/asset-db/dist/worker/messages/database.ccc:1:3760)
    at Ipc.<anonymous> (/Applications/Cocos/Creator/3.8.4/CocosCreator.app/Contents/Resources/app.asar/builtin/asset-db/dist/worker/ipc.ccc:1:526)
11-20-2024 15:22:58 - warn: [Assets] Unexpected end of JSON inputSyntaxError: Unexpected end of JSON input
    at JSON.parse (<anonymous>)
    at MetaManager.read (/Applications/Cocos/Creator/3.8.4/CocosCreator.app/Contents/Resources/app.asar/node_modules/@editor/asset-db/libs/meta.ccc:1:1805)
    at MetaManager.get (/Applications/Cocos/Creator/3.8.4/CocosCreator.app/Contents/Resources/app.asar/node_modules/@editor/asset-db/libs/meta.ccc:1:2521)
    at AssetDB._checkAssetsStatSync (/Applications/Cocos/Creator/3.8.4/CocosCreator.app/Contents/Resources/app.asar/node_modules/@editor/asset-db/libs/asset-db.ccc:1:9852)
    at AssetDB.refresh (/Applications/Cocos/Creator/3.8.4/CocosCreator.app/Contents/Resources/app.asar/node_modules/@editor/asset-db/libs/asset-db.ccc:1:8357)
    at runMicrotasks (<anonymous>)
    at runNextTicks (internal/process/task_queues.js:58:5)
    at processImmediate (internal/timers.js:434:9)
    at AssetDBManager._refresh (/Applications/Cocos/Creator/3.8.4/CocosCreator.app/Contents/Resources/app.asar/builtin/asset-db/dist/worker/asset-db-manager.ccc:1:10064)
    at Object.refresh-all-database (/Applications/Cocos/Creator/3.8.4/CocosCreator.app/Contents/Resources/app.asar/builtin/asset-db/dist/worker/messages/database.ccc:1:3760)
    at Ipc.<anonymous> (/Applications/Cocos/Creator/3.8.4/CocosCreator.app/Contents/Resources/app.asar/builtin/asset-db/dist/worker/ipc.ccc:1:526)
11-20-2024 15:22:58 - warn: [Assets] Read meta in /Users/valeriafedorova/Desktop/NewProject/assets/gameResurces/grounds/pic-5.jpg.meta failed!Warn: [Assets] Read meta in /Users/valeriafedorova/Desktop/NewProject/assets/gameResurces/grounds/pic-5.jpg.meta failed!
    at Object.warn (/Applications/Cocos/Creator/3.8.4/CocosCreator.app/Contents/Resources/app.asar/node_modules/@sentry/src/instrument/console.ts:40:20)
    at CustomConsole.warn (/Applications/Cocos/Creator/3.8.4/CocosCreator.app/Contents/Resources/app.asar/builtin/asset-db/dist/worker/console.ccc:1:1510)
    at MetaManager.read (/Applications/Cocos/Creator/3.8.4/CocosCreator.app/Contents/Resources/app.asar/node_modules/@editor/asset-db/libs/meta.ccc:1:1928)
    at MetaManager.get (/Applications/Cocos/Creator/3.8.4/CocosCreator.app/Contents/Resources/app.asar/node_modules/@editor/asset-db/libs/meta.ccc:1:2521)
    at AssetDB._checkAssetsStatSync (/Applications/Cocos/Creator/3.8.4/CocosCreator.app/Contents/Resources/app.asar/node_modules/@editor/asset-db/libs/asset-db.ccc:1:9852)
    at AssetDB.refresh (/Applications/Cocos/Creator/3.8.4/CocosCreator.app/Contents/Resources/app.asar/node_modules/@editor/asset-db/libs/asset-db.ccc:1:8357)
    at runMicrotasks (<anonymous>)
    at runNextTicks (internal/process/task_queues.js:58:5)
    at processImmediate (internal/timers.js:434:9)
    at AssetDBManager._refresh (/Applications/Cocos/Creator/3.8.4/CocosCreator.app/Contents/Resources/app.asar/builtin/asset-db/dist/worker/asset-db-manager.ccc:1:10064)
    at Object.refresh-all-database (/Applications/Cocos/Creator/3.8.4/CocosCreator.app/Contents/Resources/app.asar/builtin/asset-db/dist/worker/messages/database.ccc:1:3760)
    at Ipc.<anonymous> (/Applications/Cocos/Creator/3.8.4/CocosCreator.app/Contents/Resources/app.asar/builtin/asset-db/dist/worker/ipc.ccc:1:526)
11-20-2024 15:22:58 - warn: [Assets] Unexpected end of JSON inputSyntaxError: Unexpected end of JSON input
    at JSON.parse (<anonymous>)
    at MetaManager.read (/Applications/Cocos/Creator/3.8.4/CocosCreator.app/Contents/Resources/app.asar/node_modules/@editor/asset-db/libs/meta.ccc:1:1805)
    at MetaManager.get (/Applications/Cocos/Creator/3.8.4/CocosCreator.app/Contents/Resources/app.asar/node_modules/@editor/asset-db/libs/meta.ccc:1:2521)
    at AssetDB._checkAssetsStatSync (/Applications/Cocos/Creator/3.8.4/CocosCreator.app/Contents/Resources/app.asar/node_modules/@editor/asset-db/libs/asset-db.ccc:1:9852)
    at AssetDB.refresh (/Applications/Cocos/Creator/3.8.4/CocosCreator.app/Contents/Resources/app.asar/node_modules/@editor/asset-db/libs/asset-db.ccc:1:8357)
    at runMicrotasks (<anonymous>)
    at runNextTicks (internal/process/task_queues.js:58:5)
    at processImmediate (internal/timers.js:434:9)
    at AssetDBManager._refresh (/Applications/Cocos/Creator/3.8.4/CocosCreator.app/Contents/Resources/app.asar/builtin/asset-db/dist/worker/asset-db-manager.ccc:1:10064)
    at Object.refresh-all-database (/Applications/Cocos/Creator/3.8.4/CocosCreator.app/Contents/Resources/app.asar/builtin/asset-db/dist/worker/messages/database.ccc:1:3760)
    at Ipc.<anonymous> (/Applications/Cocos/Creator/3.8.4/CocosCreator.app/Contents/Resources/app.asar/builtin/asset-db/dist/worker/ipc.ccc:1:526)
11-20-2024 15:22:58 - warn: [Assets] Importer exec warning: {asset[/Users/valeriafedorova/Desktop/NewProject/assets/gameResurces/grounds/pic-10.jpg](713c4550-878b-4e3d-b139-56d8eb2e925a)}: The importer version is lower than assetWarn: [Assets] Importer exec warning: {asset[/Users/valeriafedorova/Desktop/NewProject/assets/gameResurces/grounds/pic-10.jpg](713c4550-878b-4e3d-b139-56d8eb2e925a)}: The importer version is lower than asset
    at Object.warn (/Applications/Cocos/Creator/3.8.4/CocosCreator.app/Contents/Resources/app.asar/node_modules/@sentry/src/instrument/console.ts:40:20)
    at Object.warn (/Applications/Cocos/Creator/3.8.4/CocosCreator.app/Contents/Resources/app.asar/builtin/asset-db/dist/worker/console.ccc:1:1510)
    at ImportTask.importAsset (/Applications/Cocos/Creator/3.8.4/CocosCreator.app/Contents/Resources/app.asar/node_modules/@editor/asset-db/libs/task.ccc:1:2160)
    at ImportTask.exec (/Applications/Cocos/Creator/3.8.4/CocosCreator.app/Contents/Resources/app.asar/node_modules/@editor/asset-db/libs/task.ccc:1:742)
    at ParallelQueue._generate (/Applications/Cocos/Creator/3.8.4/CocosCreator.app/Contents/Resources/app.asar/node_modules/@editor/asset-db/libs/asset-db.ccc:1:2706)
11-20-2024 15:22:58 - warn: [Assets] Importer exec warning: {asset[/Users/valeriafedorova/Desktop/NewProject/assets/gameResurces/grounds/pic-9.png](385695b9-bde6-4357-9887-90d878a1ba15)}: The importer version is lower than assetWarn: [Assets] Importer exec warning: {asset[/Users/valeriafedorova/Desktop/NewProject/assets/gameResurces/grounds/pic-9.png](385695b9-bde6-4357-9887-90d878a1ba15)}: The importer version is lower than asset
    at Object.warn (/Applications/Cocos/Creator/3.8.4/CocosCreator.app/Contents/Resources/app.asar/node_modules/@sentry/src/instrument/console.ts:40:20)
    at Object.warn (/Applications/Cocos/Creator/3.8.4/CocosCreator.app/Contents/Resources/app.asar/builtin/asset-db/dist/worker/console.ccc:1:1510)
    at ImportTask.importAsset (/Applications/Cocos/Creator/3.8.4/CocosCreator.app/Contents/Resources/app.asar/node_modules/@editor/asset-db/libs/task.ccc:1:2160)
    at ImportTask.exec (/Applications/Cocos/Creator/3.8.4/CocosCreator.app/Contents/Resources/app.asar/node_modules/@editor/asset-db/libs/task.ccc:1:742)
    at ParallelQueue._generate (/Applications/Cocos/Creator/3.8.4/CocosCreator.app/Contents/Resources/app.asar/node_modules/@editor/asset-db/libs/asset-db.ccc:1:2706)
11-20-2024 15:25:06 - warn: [Assets] Importer exec warning: {asset[/Users/valeriafedorova/Desktop/NewProject/assets/gameResurces/grounds/pic-1.webp](08b7f350-1cb7-460b-ae30-0f17181c3b7a)}: The importer version is lower than assetWarn: [Assets] Importer exec warning: {asset[/Users/valeriafedorova/Desktop/NewProject/assets/gameResurces/grounds/pic-1.webp](08b7f350-1cb7-460b-ae30-0f17181c3b7a)}: The importer version is lower than asset
    at Object.warn (/Applications/Cocos/Creator/3.8.4/CocosCreator.app/Contents/Resources/app.asar/node_modules/@sentry/src/instrument/console.ts:40:20)
    at Object.warn (/Applications/Cocos/Creator/3.8.4/CocosCreator.app/Contents/Resources/app.asar/builtin/asset-db/dist/worker/console.ccc:1:1510)
    at ImportTask.importAsset (/Applications/Cocos/Creator/3.8.4/CocosCreator.app/Contents/Resources/app.asar/node_modules/@editor/asset-db/libs/task.ccc:1:2160)
    at ImportTask.exec (/Applications/Cocos/Creator/3.8.4/CocosCreator.app/Contents/Resources/app.asar/node_modules/@editor/asset-db/libs/task.ccc:1:742)
    at ParallelQueue._generate (/Applications/Cocos/Creator/3.8.4/CocosCreator.app/Contents/Resources/app.asar/node_modules/@editor/asset-db/libs/asset-db.ccc:1:2706)
11-20-2024 15:25:06 - warn: [Assets] Importer exec warning: {asset[/Users/valeriafedorova/Desktop/NewProject/assets/gameResurces/grounds/pic-10.jpg](713c4550-878b-4e3d-b139-56d8eb2e925a)}: The importer version is lower than assetWarn: [Assets] Importer exec warning: {asset[/Users/valeriafedorova/Desktop/NewProject/assets/gameResurces/grounds/pic-10.jpg](713c4550-878b-4e3d-b139-56d8eb2e925a)}: The importer version is lower than asset
    at Object.warn (/Applications/Cocos/Creator/3.8.4/CocosCreator.app/Contents/Resources/app.asar/node_modules/@sentry/src/instrument/console.ts:40:20)
    at Object.warn (/Applications/Cocos/Creator/3.8.4/CocosCreator.app/Contents/Resources/app.asar/builtin/asset-db/dist/worker/console.ccc:1:1510)
    at ImportTask.importAsset (/Applications/Cocos/Creator/3.8.4/CocosCreator.app/Contents/Resources/app.asar/node_modules/@editor/asset-db/libs/task.ccc:1:2160)
    at ImportTask.exec (/Applications/Cocos/Creator/3.8.4/CocosCreator.app/Contents/Resources/app.asar/node_modules/@editor/asset-db/libs/task.ccc:1:742)
    at ParallelQueue._generate (/Applications/Cocos/Creator/3.8.4/CocosCreator.app/Contents/Resources/app.asar/node_modules/@editor/asset-db/libs/asset-db.ccc:1:2706)
11-20-2024 15:25:06 - warn: [Assets] Importer exec warning: {asset[/Users/valeriafedorova/Desktop/NewProject/assets/gameResurces/grounds/pic-9.png](385695b9-bde6-4357-9887-90d878a1ba15)}: The importer version is lower than assetWarn: [Assets] Importer exec warning: {asset[/Users/valeriafedorova/Desktop/NewProject/assets/gameResurces/grounds/pic-9.png](385695b9-bde6-4357-9887-90d878a1ba15)}: The importer version is lower than asset
    at Object.warn (/Applications/Cocos/Creator/3.8.4/CocosCreator.app/Contents/Resources/app.asar/node_modules/@sentry/src/instrument/console.ts:40:20)
    at Object.warn (/Applications/Cocos/Creator/3.8.4/CocosCreator.app/Contents/Resources/app.asar/builtin/asset-db/dist/worker/console.ccc:1:1510)
    at ImportTask.importAsset (/Applications/Cocos/Creator/3.8.4/CocosCreator.app/Contents/Resources/app.asar/node_modules/@editor/asset-db/libs/task.ccc:1:2160)
    at ImportTask.exec (/Applications/Cocos/Creator/3.8.4/CocosCreator.app/Contents/Resources/app.asar/node_modules/@editor/asset-db/libs/task.ccc:1:742)
    at ParallelQueue._generate (/Applications/Cocos/Creator/3.8.4/CocosCreator.app/Contents/Resources/app.asar/node_modules/@editor/asset-db/libs/asset-db.ccc:1:2706)
11-20-2024 15:30:37 - error: [Assets] Importer exec failed: {asset[/Users/valeriafedorova/Desktop/NewProject/assets/gameResurces/Player/hero7.png](f4348fb2-6bb7-4b0c-b8ed-332b36ac4570)}Error: [Assets] Importer exec failed: {asset[/Users/valeriafedorova/Desktop/NewProject/assets/gameResurces/Player/hero7.png](f4348fb2-6bb7-4b0c-b8ed-332b36ac4570)}
    at Object.error (/Applications/Cocos/Creator/3.8.4/CocosCreator.app/Contents/Resources/app.asar/node_modules/@sentry/src/instrument/console.ts:40:20)
    at Object.error (/Applications/Cocos/Creator/3.8.4/CocosCreator.app/Contents/Resources/app.asar/builtin/asset-db/dist/worker/console.ccc:1:1409)
    at ImportTask.importAsset (/Applications/Cocos/Creator/3.8.4/CocosCreator.app/Contents/Resources/app.asar/node_modules/@editor/asset-db/libs/task.ccc:1:3044)
    at ImportTask.exec (/Applications/Cocos/Creator/3.8.4/CocosCreator.app/Contents/Resources/app.asar/node_modules/@editor/asset-db/libs/task.ccc:1:731)
    at ParallelQueue._generate (/Applications/Cocos/Creator/3.8.4/CocosCreator.app/Contents/Resources/app.asar/node_modules/@editor/asset-db/libs/asset-db.ccc:1:2677)
11-20-2024 15:30:37 - error: [Assets] Input Buffer is emptyError: Input Buffer is empty
    at Sharp._createInputDescriptor (/Applications/Cocos/Creator/3.8.4/CocosCreator.app/Contents/Resources/app.asar/node_modules/sharp/build/sharp_arm/lib/input.js:51:13)
    at new Sharp (/Applications/Cocos/Creator/3.8.4/CocosCreator.app/Contents/Resources/app.asar/node_modules/sharp/build/sharp_arm/lib/constructor.js:351:29)
    at Sharp (/Applications/Cocos/Creator/3.8.4/CocosCreator.app/Contents/Resources/app.asar/node_modules/sharp/build/sharp_arm/lib/constructor.js:173:12)
    at handleImageUserData (/Applications/Cocos/Creator/3.8.4/CocosCreator.app/Contents/Resources/app.asar/modules/engine-extensions/extensions/engine-extends/dist/handler/assets/image/utils.ccc:1:2621)
    at import (/Applications/Cocos/Creator/3.8.4/CocosCreator.app/Contents/Resources/app.asar/modules/engine-extensions/extensions/engine-extends/dist/handler/assets/image/index.ccc:1:2657)
    at CustomImporter.import (/Applications/Cocos/Creator/3.8.4/CocosCreator.app/Contents/Resources/app.asar/builtin/asset-db/dist/worker/manager/asset-handler-manager.ccc:1:1243)
11-20-2024 15:30:44 - error: Import asset form /Users/valeriafedorova/Desktop/cocosGame/assets/Game Res/Player/hero7.png -> db://assets/gameResurces/Player/hero7.png failed!
11-20-2024 15:30:44 - error: ENOENT: no such file or directory, chmod '/Users/valeriafedorova/Desktop/NewProject/assets/gameResurces/Player/hero7.png'Error: ENOENT: no such file or directory, chmod '/Users/valeriafedorova/Desktop/NewProject/assets/gameResurces/Player/hero7.png'
11-20-2024 15:30:49 - log: The resource(/Users/valeriafedorova/Desktop/cocosGame/assets/Game Res/Player/hero7.png) meta file already exists. Skip meta import. Please open it in preferences if necessary
11-20-2024 15:30:49 - warn: [Assets] Importer exec warning: {asset[/Users/valeriafedorova/Desktop/NewProject/assets/gameResurces/Player/hero7.png](92741d72-4370-4c57-aa8d-d0b6f93732ff)}: The importer version is lower than assetWarn: [Assets] Importer exec warning: {asset[/Users/valeriafedorova/Desktop/NewProject/assets/gameResurces/Player/hero7.png](92741d72-4370-4c57-aa8d-d0b6f93732ff)}: The importer version is lower than asset
    at Object.warn (/Applications/Cocos/Creator/3.8.4/CocosCreator.app/Contents/Resources/app.asar/node_modules/@sentry/src/instrument/console.ts:40:20)
    at Object.warn (/Applications/Cocos/Creator/3.8.4/CocosCreator.app/Contents/Resources/app.asar/builtin/asset-db/dist/worker/console.ccc:1:1510)
    at ImportTask.importAsset (/Applications/Cocos/Creator/3.8.4/CocosCreator.app/Contents/Resources/app.asar/node_modules/@editor/asset-db/libs/task.ccc:1:2160)
    at ImportTask.exec (/Applications/Cocos/Creator/3.8.4/CocosCreator.app/Contents/Resources/app.asar/node_modules/@editor/asset-db/libs/task.ccc:1:742)
    at ParallelQueue._generate (/Applications/Cocos/Creator/3.8.4/CocosCreator.app/Contents/Resources/app.asar/node_modules/@editor/asset-db/libs/asset-db.ccc:1:2706)
